<?xml version="1.0" encoding="UTF-8"?>
<testng-results ignored="0" total="1" passed="1" failed="0" skipped="0">
  <reporter-output>
  </reporter-output>
  <suite started-at="2020-04-30T11:19:13Z" name="Bank Project" finished-at="2020-04-30T11:19:30Z" duration-ms="16643">
    <groups>
    </groups>
    <test started-at="2020-04-30T11:19:13Z" name="Login Verification" finished-at="2020-04-30T11:19:30Z" duration-ms="16643">
      <class name="bankproject.VerifyLogin">
        <test-method is-config="true" signature="openBrowser()[pri:0, instance:bankproject.VerifyLogin@1d548a08]" started-at="2020-04-30T13:19:13Z" name="openBrowser" finished-at="2020-04-30T13:19:24Z" duration-ms="11092" status="PASS">
          <reporter-output>
          </reporter-output>
        </test-method> <!-- openBrowser -->
        <test-method signature="login(java.lang.String, java.lang.String)[pri:0, instance:bankproject.VerifyLogin@1d548a08]" started-at="2020-04-30T13:19:24Z" name="login" data-provider="TestData" finished-at="2020-04-30T13:19:28Z" duration-ms="4183" status="PASS">
          <params>
            <param index="0">
              <value>
                <![CDATA[mngr257529]]>
              </value>
            </param>
            <param index="1">
              <value>
                <![CDATA[nysesYh]]>
              </value>
            </param>
          </params>
          <reporter-output>
          </reporter-output>
        </test-method> <!-- login -->
        <test-method is-config="true" signature="tearDown()[pri:0, instance:bankproject.VerifyLogin@1d548a08]" started-at="2020-04-30T13:19:28Z" name="tearDown" finished-at="2020-04-30T13:19:30Z" duration-ms="1350" status="PASS">
          <reporter-output>
          </reporter-output>
        </test-method> <!-- tearDown -->
      </class> <!-- bankproject.VerifyLogin -->
    </test> <!-- Login Verification -->
  </suite> <!-- Bank Project -->
</testng-results>
